app/build/intermediates/manifest_merge_blame_file/debug/manifest-merger-blame-debug-report.txt
1<?xml version="1.0" encoding="utf-8"?>
2<manifest xmlns:android="http://schemas.android.com/apk/res/android"
3    package="com.example.languagelearningapp"
4    android:versionCode="1"
5    android:versionName="1.0" >
6
7    <uses-sdk
8        android:minSdkVersion="23"
8-->src\main\AndroidManifest.xml
9        android:targetSdkVersion="29" />
9-->src\main\AndroidManifest.xml
10
11    <uses-permission android:name="android.permission.WRITE_EXTERNAL_STORAGE" />
11-->src\main\AndroidManifest.xml:5:5-81
11-->src\main\AndroidManifest.xml:5:22-78
12    <uses-permission android:name="android.permission.READ_EXTERNAL_STORAGE" />
12-->src\main\AndroidManifest.xml:6:5-80
12-->src\main\AndroidManifest.xml:6:22-77
13
14    <application
14-->src\main\AndroidManifest.xml:8:5-33:19
15        android:allowBackup="true"
15-->src\main\AndroidManifest.xml:9:9-35
16        android:appComponentFactory="androidx.core.app.CoreComponentFactory"
16-->[androidx.core:core:1.1.0] AndroidManifest.xml:24:18-86
17        android:debuggable="true"
18        android:extractNativeLibs="false"
19        android:icon="@mipmap/ic_launcher"
19-->src\main\AndroidManifest.xml:10:9-43
20        android:label="@string/app_name"
20-->src\main\AndroidManifest.xml:11:9-41
21        android:roundIcon="@mipmap/ic_launcher_round"
21-->src\main\AndroidManifest.xml:12:9-54
22        android:supportsRtl="true"
22-->src\main\AndroidManifest.xml:13:9-35
23        android:testOnly="true"
24        android:theme="@style/AppTheme" >
24-->src\main\AndroidManifest.xml:14:9-40
25        <activity android:name="com.example.languagelearningapp.ListWordsActivity" />
25-->src\main\AndroidManifest.xml:15:9-64
25-->src\main\AndroidManifest.xml:15:19-52
26        <activity android:name="com.example.languagelearningapp.AboutProgram" />
26-->src\main\AndroidManifest.xml:16:9-50
26-->src\main\AndroidManifest.xml:16:19-47
27        <activity android:name="com.example.languagelearningapp.MainActivity" >
27-->src\main\AndroidManifest.xml:17:9-23:20
27-->src\main\AndroidManifest.xml:17:19-47
28            <intent-filter>
28-->src\main\AndroidManifest.xml:18:13-22:29
29                <action android:name="android.intent.action.MAIN" />
29-->src\main\AndroidManifest.xml:19:17-69
29-->src\main\AndroidManifest.xml:19:25-66
30
31                <category android:name="android.intent.category.LAUNCHER" />
31-->src\main\AndroidManifest.xml:21:17-77
31-->src\main\AndroidManifest.xml:21:27-74
32            </intent-filter>
33        </activity>
34        <activity android:name="com.example.languagelearningapp.AddVocabularyActivity" >
34-->src\main\AndroidManifest.xml:24:9-30:20
34-->src\main\AndroidManifest.xml:24:19-56
35            <intent-filter>
35-->src\main\AndroidManifest.xml:18:13-22:29
36                <action android:name="android.intent.action.MAIN" />
36-->src\main\AndroidManifest.xml:19:17-69
36-->src\main\AndroidManifest.xml:19:25-66
37
38                <category android:name="android.intent.category.LAUNCHER" />
38-->src\main\AndroidManifest.xml:21:17-77
38-->src\main\AndroidManifest.xml:21:27-74
39            </intent-filter>
40        </activity>
41        <activity android:name="com.example.languagelearningapp.TestActivity" />
41-->src\main\AndroidManifest.xml:31:9-50
41-->src\main\AndroidManifest.xml:31:19-47
42        <activity android:name="com.example.languagelearningapp.LearnActivity" />
42-->src\main\AndroidManifest.xml:32:9-51
42-->src\main\AndroidManifest.xml:32:19-48
43    </application>
44
45</manifest>